  done Vanilla ms=0
  done Vanilla ms=1
  done Vanilla ms=2
  done VanillaEM ms=0
  done VanillaEM ms=1
  done VanillaEM ms=2
  done Level15 ms=0
  done Level15 ms=1
  done Level15 ms=2
  done Level15EM ms=0
  done Level15EM ms=1
  done Level15EM ms=2
  done Level15PC ms=0
  done Level15PC ms=1
  done Level15PC ms=2
  done PC ms=0
  done PC ms=1
  done PC ms=2
  done LSTM ms=0
  done LSTM ms=1
  done LSTM ms=2
  done MambaLike ms=0
  done MambaLike ms=1
  done MambaLike ms=2
wrote /home/prashr/mapformer/PER_VISIT_lm200.md
