  Vanilla ms=0 ts=10000 T=128: acc=0.979
  Vanilla ms=0 ts=10000 T=512: acc=0.851
  Vanilla ms=0 ts=10001 T=128: acc=0.981
  Vanilla ms=0 ts=10001 T=512: acc=0.862
  Vanilla ms=0 ts=10002 T=128: acc=0.980
  Vanilla ms=0 ts=10002 T=512: acc=0.863
  Vanilla ms=1 ts=10000 T=128: acc=0.995
  Vanilla ms=1 ts=10000 T=512: acc=0.951
  Vanilla ms=1 ts=10001 T=128: acc=0.999
  Vanilla ms=1 ts=10001 T=512: acc=0.955
  Vanilla ms=1 ts=10002 T=128: acc=0.998
  Vanilla ms=1 ts=10002 T=512: acc=0.952
  Vanilla ms=2 ts=10000 T=128: acc=0.996
  Vanilla ms=2 ts=10000 T=512: acc=0.934
  Vanilla ms=2 ts=10001 T=128: acc=0.999
  Vanilla ms=2 ts=10001 T=512: acc=0.936
  Vanilla ms=2 ts=10002 T=128: acc=0.997
  Vanilla ms=2 ts=10002 T=512: acc=0.942
  VanillaEM ms=0 ts=10000 T=128: acc=1.000
  VanillaEM ms=0 ts=10000 T=512: acc=0.968
  VanillaEM ms=0 ts=10001 T=128: acc=1.000
  VanillaEM ms=0 ts=10001 T=512: acc=0.969
  VanillaEM ms=0 ts=10002 T=128: acc=1.000
  VanillaEM ms=0 ts=10002 T=512: acc=0.968
  VanillaEM ms=1 ts=10000 T=128: acc=0.999
  VanillaEM ms=1 ts=10000 T=512: acc=0.983
  VanillaEM ms=1 ts=10001 T=128: acc=1.000
  VanillaEM ms=1 ts=10001 T=512: acc=0.981
  VanillaEM ms=1 ts=10002 T=128: acc=1.000
  VanillaEM ms=1 ts=10002 T=512: acc=0.982
  VanillaEM ms=2 ts=10000 T=128: acc=0.999
  VanillaEM ms=2 ts=10000 T=512: acc=0.976
  VanillaEM ms=2 ts=10001 T=128: acc=1.000
  VanillaEM ms=2 ts=10001 T=512: acc=0.974
  VanillaEM ms=2 ts=10002 T=128: acc=1.000
  VanillaEM ms=2 ts=10002 T=512: acc=0.976
  Level15 ms=0 ts=10000 T=128: acc=1.000
  Level15 ms=0 ts=10000 T=512: acc=0.989
  Level15 ms=0 ts=10001 T=128: acc=1.000
  Level15 ms=0 ts=10001 T=512: acc=0.990
  Level15 ms=0 ts=10002 T=128: acc=1.000
  Level15 ms=0 ts=10002 T=512: acc=0.989
  Level15 ms=1 ts=10000 T=128: acc=1.000
  Level15 ms=1 ts=10000 T=512: acc=0.993
  Level15 ms=1 ts=10001 T=128: acc=1.000
  Level15 ms=1 ts=10001 T=512: acc=0.995
  Level15 ms=1 ts=10002 T=128: acc=1.000
  Level15 ms=1 ts=10002 T=512: acc=0.993
  Level15 ms=2 ts=10000 T=128: acc=1.000
  Level15 ms=2 ts=10000 T=512: acc=0.996
  Level15 ms=2 ts=10001 T=128: acc=1.000
  Level15 ms=2 ts=10001 T=512: acc=0.998
  Level15 ms=2 ts=10002 T=128: acc=1.000
  Level15 ms=2 ts=10002 T=512: acc=0.997
  Level15EM ms=0 ts=10000 T=128: acc=1.000
  Level15EM ms=0 ts=10000 T=512: acc=0.978
  Level15EM ms=0 ts=10001 T=128: acc=1.000
  Level15EM ms=0 ts=10001 T=512: acc=0.981
  Level15EM ms=0 ts=10002 T=128: acc=1.000
  Level15EM ms=0 ts=10002 T=512: acc=0.983
  Level15EM ms=1 ts=10000 T=128: acc=1.000
  Level15EM ms=1 ts=10000 T=512: acc=0.966
  Level15EM ms=1 ts=10001 T=128: acc=1.000
  Level15EM ms=1 ts=10001 T=512: acc=0.970
  Level15EM ms=1 ts=10002 T=128: acc=1.000
  Level15EM ms=1 ts=10002 T=512: acc=0.970
  Level15EM ms=2 ts=10000 T=128: acc=0.997
  Level15EM ms=2 ts=10000 T=512: acc=0.974
  Level15EM ms=2 ts=10001 T=128: acc=0.997
  Level15EM ms=2 ts=10001 T=512: acc=0.974
  Level15EM ms=2 ts=10002 T=128: acc=0.999
  Level15EM ms=2 ts=10002 T=512: acc=0.975
  Level15PC ms=0 ts=10000 T=128: acc=1.000
  Level15PC ms=0 ts=10000 T=512: acc=0.982
  Level15PC ms=0 ts=10001 T=128: acc=1.000
  Level15PC ms=0 ts=10001 T=512: acc=0.985
  Level15PC ms=0 ts=10002 T=128: acc=1.000
  Level15PC ms=0 ts=10002 T=512: acc=0.982
  Level15PC ms=1 ts=10000 T=128: acc=1.000
  Level15PC ms=1 ts=10000 T=512: acc=0.984
  Level15PC ms=1 ts=10001 T=128: acc=1.000
  Level15PC ms=1 ts=10001 T=512: acc=0.986
  Level15PC ms=1 ts=10002 T=128: acc=1.000
  Level15PC ms=1 ts=10002 T=512: acc=0.986
  Level15PC ms=2 ts=10000 T=128: acc=1.000
  Level15PC ms=2 ts=10000 T=512: acc=0.981
  Level15PC ms=2 ts=10001 T=128: acc=1.000
  Level15PC ms=2 ts=10001 T=512: acc=0.985
  Level15PC ms=2 ts=10002 T=128: acc=1.000
  Level15PC ms=2 ts=10002 T=512: acc=0.982
  PC ms=0 ts=10000 T=128: acc=0.968
  PC ms=0 ts=10000 T=512: acc=0.795
  PC ms=0 ts=10001 T=128: acc=0.973
  PC ms=0 ts=10001 T=512: acc=0.813
  PC ms=0 ts=10002 T=128: acc=0.977
  PC ms=0 ts=10002 T=512: acc=0.813
  PC ms=1 ts=10000 T=128: acc=0.924
  PC ms=1 ts=10000 T=512: acc=0.818
  PC ms=1 ts=10001 T=128: acc=0.928
  PC ms=1 ts=10001 T=512: acc=0.817
  PC ms=1 ts=10002 T=128: acc=0.928
  PC ms=1 ts=10002 T=512: acc=0.821
  PC ms=2 ts=10000 T=128: acc=0.997
  PC ms=2 ts=10000 T=512: acc=0.829
  PC ms=2 ts=10001 T=128: acc=0.997
  PC ms=2 ts=10001 T=512: acc=0.840
  PC ms=2 ts=10002 T=128: acc=0.998
  PC ms=2 ts=10002 T=512: acc=0.834
  LSTM ms=0 ts=10000 T=128: acc=0.853
  LSTM ms=0 ts=10000 T=512: acc=0.808
  LSTM ms=0 ts=10001 T=128: acc=0.862
  LSTM ms=0 ts=10001 T=512: acc=0.799
  LSTM ms=0 ts=10002 T=128: acc=0.875
  LSTM ms=0 ts=10002 T=512: acc=0.814
  LSTM ms=1 ts=10000 T=128: acc=0.859
  LSTM ms=1 ts=10000 T=512: acc=0.806
  LSTM ms=1 ts=10001 T=128: acc=0.851
  LSTM ms=1 ts=10001 T=512: acc=0.801
  LSTM ms=1 ts=10002 T=128: acc=0.874
  LSTM ms=1 ts=10002 T=512: acc=0.813
  LSTM ms=2 ts=10000 T=128: acc=0.857
  LSTM ms=2 ts=10000 T=512: acc=0.807
  LSTM ms=2 ts=10001 T=128: acc=0.858
  LSTM ms=2 ts=10001 T=512: acc=0.802
  LSTM ms=2 ts=10002 T=128: acc=0.877
  LSTM ms=2 ts=10002 T=512: acc=0.813
  MambaLike ms=0 ts=10000 T=128: acc=0.604
  MambaLike ms=0 ts=10000 T=512: acc=0.591
  MambaLike ms=0 ts=10001 T=128: acc=0.598
  MambaLike ms=0 ts=10001 T=512: acc=0.584
  MambaLike ms=0 ts=10002 T=128: acc=0.622
  MambaLike ms=0 ts=10002 T=512: acc=0.593
  MambaLike ms=1 ts=10000 T=128: acc=0.596
  MambaLike ms=1 ts=10000 T=512: acc=0.585
  MambaLike ms=1 ts=10001 T=128: acc=0.591
  MambaLike ms=1 ts=10001 T=512: acc=0.578
  MambaLike ms=1 ts=10002 T=128: acc=0.616
  MambaLike ms=1 ts=10002 T=512: acc=0.588
  MambaLike ms=2 ts=10000 T=128: acc=0.595
  MambaLike ms=2 ts=10000 T=512: acc=0.584
  MambaLike ms=2 ts=10001 T=128: acc=0.590
  MambaLike ms=2 ts=10001 T=512: acc=0.578
  MambaLike ms=2 ts=10002 T=128: acc=0.614
  MambaLike ms=2 ts=10002 T=512: acc=0.588
  bias Vanilla ms=0 uniform: acc=0.861
  bias Vanilla ms=0 mostly_east: acc=0.727
  bias Vanilla ms=0 mostly_NS: acc=0.907
  bias Vanilla ms=0 diagonal_NE: acc=0.836
  bias Vanilla ms=1 uniform: acc=0.951
  bias Vanilla ms=1 mostly_east: acc=0.774
  bias Vanilla ms=1 mostly_NS: acc=0.938
  bias Vanilla ms=1 diagonal_NE: acc=0.879
  bias Vanilla ms=2 uniform: acc=0.939
  bias Vanilla ms=2 mostly_east: acc=0.771
  bias Vanilla ms=2 mostly_NS: acc=0.976
  bias Vanilla ms=2 diagonal_NE: acc=0.863
  bias VanillaEM ms=0 uniform: acc=0.969
  bias VanillaEM ms=0 mostly_east: acc=0.854
  bias VanillaEM ms=0 mostly_NS: acc=0.963
  bias VanillaEM ms=0 diagonal_NE: acc=0.898
  bias VanillaEM ms=1 uniform: acc=0.987
  bias VanillaEM ms=1 mostly_east: acc=0.830
  bias VanillaEM ms=1 mostly_NS: acc=0.979
  bias VanillaEM ms=1 diagonal_NE: acc=0.902
  bias VanillaEM ms=2 uniform: acc=0.974
  bias VanillaEM ms=2 mostly_east: acc=0.915
  bias VanillaEM ms=2 mostly_NS: acc=0.979
  bias VanillaEM ms=2 diagonal_NE: acc=0.897
  bias Level15 ms=0 uniform: acc=0.990
  bias Level15 ms=0 mostly_east: acc=0.894
  bias Level15 ms=0 mostly_NS: acc=0.989
  bias Level15 ms=0 diagonal_NE: acc=0.908
  bias Level15 ms=1 uniform: acc=0.995
  bias Level15 ms=1 mostly_east: acc=0.921
  bias Level15 ms=1 mostly_NS: acc=0.994
  bias Level15 ms=1 diagonal_NE: acc=0.887
  bias Level15 ms=2 uniform: acc=0.998
  bias Level15 ms=2 mostly_east: acc=0.895
  bias Level15 ms=2 mostly_NS: acc=0.998
  bias Level15 ms=2 diagonal_NE: acc=0.921
  bias Level15EM ms=0 uniform: acc=0.981
  bias Level15EM ms=0 mostly_east: acc=0.783
  bias Level15EM ms=0 mostly_NS: acc=0.982
  bias Level15EM ms=0 diagonal_NE: acc=0.900
  bias Level15EM ms=1 uniform: acc=0.971
  bias Level15EM ms=1 mostly_east: acc=0.671
  bias Level15EM ms=1 mostly_NS: acc=0.969
  bias Level15EM ms=1 diagonal_NE: acc=0.860
  bias Level15EM ms=2 uniform: acc=0.969
  bias Level15EM ms=2 mostly_east: acc=0.829
  bias Level15EM ms=2 mostly_NS: acc=0.983
  bias Level15EM ms=2 diagonal_NE: acc=0.914
  bias Level15PC ms=0 uniform: acc=0.983
  bias Level15PC ms=0 mostly_east: acc=0.829
  bias Level15PC ms=0 mostly_NS: acc=0.986
  bias Level15PC ms=0 diagonal_NE: acc=0.874
  bias Level15PC ms=1 uniform: acc=0.987
  bias Level15PC ms=1 mostly_east: acc=0.847
  bias Level15PC ms=1 mostly_NS: acc=0.978
  bias Level15PC ms=1 diagonal_NE: acc=0.909
  bias Level15PC ms=2 uniform: acc=0.976
  bias Level15PC ms=2 mostly_east: acc=0.778
  bias Level15PC ms=2 mostly_NS: acc=0.983
  bias Level15PC ms=2 diagonal_NE: acc=0.893
  bias PC ms=0 uniform: acc=0.811
  bias PC ms=0 mostly_east: acc=0.749
  bias PC ms=0 mostly_NS: acc=0.803
  bias PC ms=0 diagonal_NE: acc=0.850
  bias PC ms=1 uniform: acc=0.819
  bias PC ms=1 mostly_east: acc=0.737
  bias PC ms=1 mostly_NS: acc=0.741
  bias PC ms=1 diagonal_NE: acc=0.796
  bias PC ms=2 uniform: acc=0.838
  bias PC ms=2 mostly_east: acc=0.638
  bias PC ms=2 mostly_NS: acc=0.969
  bias PC ms=2 diagonal_NE: acc=0.807
  bias LSTM ms=0 uniform: acc=0.812
  bias LSTM ms=0 mostly_east: acc=0.751
  bias LSTM ms=0 mostly_NS: acc=0.800
  bias LSTM ms=0 diagonal_NE: acc=0.818
  bias LSTM ms=1 uniform: acc=0.807
  bias LSTM ms=1 mostly_east: acc=0.738
  bias LSTM ms=1 mostly_NS: acc=0.800
  bias LSTM ms=1 diagonal_NE: acc=0.825
  bias LSTM ms=2 uniform: acc=0.806
  bias LSTM ms=2 mostly_east: acc=0.738
  bias LSTM ms=2 mostly_NS: acc=0.807
  bias LSTM ms=2 diagonal_NE: acc=0.821
  bias MambaLike ms=0 uniform: acc=0.595
  bias MambaLike ms=0 mostly_east: acc=0.570
  bias MambaLike ms=0 mostly_NS: acc=0.573
  bias MambaLike ms=0 diagonal_NE: acc=0.591
  bias MambaLike ms=1 uniform: acc=0.580
  bias MambaLike ms=1 mostly_east: acc=0.565
  bias MambaLike ms=1 mostly_NS: acc=0.577
  bias MambaLike ms=1 diagonal_NE: acc=0.580
  bias MambaLike ms=2 uniform: acc=0.585
  bias MambaLike ms=2 mostly_east: acc=0.554
  bias MambaLike ms=2 mostly_NS: acc=0.579
  bias MambaLike ms=2 diagonal_NE: acc=0.582
