  Vanilla ms=0 ts=10000 T=128: acc=0.837
  Vanilla ms=0 ts=10000 T=512: acc=0.694
  Vanilla ms=0 ts=10001 T=128: acc=0.848
  Vanilla ms=0 ts=10001 T=512: acc=0.709
  Vanilla ms=0 ts=10002 T=128: acc=0.853
  Vanilla ms=0 ts=10002 T=512: acc=0.710
  Vanilla ms=1 ts=10000 T=128: acc=0.855
  Vanilla ms=1 ts=10000 T=512: acc=0.783
  Vanilla ms=1 ts=10001 T=128: acc=0.870
  Vanilla ms=1 ts=10001 T=512: acc=0.793
  Vanilla ms=1 ts=10002 T=128: acc=0.875
  Vanilla ms=1 ts=10002 T=512: acc=0.797
  Vanilla ms=2 ts=10000 T=128: acc=0.797
  Vanilla ms=2 ts=10000 T=512: acc=0.656
  Vanilla ms=2 ts=10001 T=128: acc=0.823
  Vanilla ms=2 ts=10001 T=512: acc=0.671
  Vanilla ms=2 ts=10002 T=128: acc=0.818
  Vanilla ms=2 ts=10002 T=512: acc=0.667
  VanillaEM ms=0 ts=10000 T=128: acc=0.773
  VanillaEM ms=0 ts=10000 T=512: acc=0.727
  VanillaEM ms=0 ts=10001 T=128: acc=0.773
  VanillaEM ms=0 ts=10001 T=512: acc=0.725
  VanillaEM ms=0 ts=10002 T=128: acc=0.804
  VanillaEM ms=0 ts=10002 T=512: acc=0.737
  VanillaEM ms=1 ts=10000 T=128: acc=0.505
  VanillaEM ms=1 ts=10000 T=512: acc=0.470
  VanillaEM ms=1 ts=10001 T=128: acc=0.510
  VanillaEM ms=1 ts=10001 T=512: acc=0.473
  VanillaEM ms=1 ts=10002 T=128: acc=0.534
  VanillaEM ms=1 ts=10002 T=512: acc=0.472
  VanillaEM ms=2 ts=10000 T=128: acc=0.753
  VanillaEM ms=2 ts=10000 T=512: acc=0.630
  VanillaEM ms=2 ts=10001 T=128: acc=0.744
  VanillaEM ms=2 ts=10001 T=512: acc=0.631
  VanillaEM ms=2 ts=10002 T=128: acc=0.804
  VanillaEM ms=2 ts=10002 T=512: acc=0.632
  Level15 ms=0 ts=10000 T=128: acc=0.883
  Level15 ms=0 ts=10000 T=512: acc=0.782
  Level15 ms=0 ts=10001 T=128: acc=0.897
  Level15 ms=0 ts=10001 T=512: acc=0.784
  Level15 ms=0 ts=10002 T=128: acc=0.895
  Level15 ms=0 ts=10002 T=512: acc=0.789
  Level15 ms=1 ts=10000 T=128: acc=0.904
  Level15 ms=1 ts=10000 T=512: acc=0.823
  Level15 ms=1 ts=10001 T=128: acc=0.913
  Level15 ms=1 ts=10001 T=512: acc=0.831
  Level15 ms=1 ts=10002 T=128: acc=0.909
  Level15 ms=1 ts=10002 T=512: acc=0.833
  Level15 ms=2 ts=10000 T=128: acc=0.923
  Level15 ms=2 ts=10000 T=512: acc=0.849
  Level15 ms=2 ts=10001 T=128: acc=0.925
  Level15 ms=2 ts=10001 T=512: acc=0.850
  Level15 ms=2 ts=10002 T=128: acc=0.930
  Level15 ms=2 ts=10002 T=512: acc=0.851
  Level15EM ms=0 ts=10000 T=128: acc=0.898
  Level15EM ms=0 ts=10000 T=512: acc=0.771
  Level15EM ms=0 ts=10001 T=128: acc=0.908
  Level15EM ms=0 ts=10001 T=512: acc=0.775
  Level15EM ms=0 ts=10002 T=128: acc=0.916
  Level15EM ms=0 ts=10002 T=512: acc=0.781
  Level15EM ms=1 ts=10000 T=128: acc=0.912
  Level15EM ms=1 ts=10000 T=512: acc=0.847
  Level15EM ms=1 ts=10001 T=128: acc=0.926
  Level15EM ms=1 ts=10001 T=512: acc=0.850
  Level15EM ms=1 ts=10002 T=128: acc=0.922
  Level15EM ms=1 ts=10002 T=512: acc=0.858
  Level15EM ms=2 ts=10000 T=128: acc=0.768
  Level15EM ms=2 ts=10000 T=512: acc=0.594
  Level15EM ms=2 ts=10001 T=128: acc=0.778
  Level15EM ms=2 ts=10001 T=512: acc=0.593
  Level15EM ms=2 ts=10002 T=128: acc=0.788
  Level15EM ms=2 ts=10002 T=512: acc=0.591
  Level15PC ms=0 ts=10000 T=128: acc=0.819
  Level15PC ms=0 ts=10000 T=512: acc=0.711
  Level15PC ms=0 ts=10001 T=128: acc=0.819
  Level15PC ms=0 ts=10001 T=512: acc=0.715
  Level15PC ms=0 ts=10002 T=128: acc=0.838
  Level15PC ms=0 ts=10002 T=512: acc=0.722
  Level15PC ms=1 ts=10000 T=128: acc=0.860
  Level15PC ms=1 ts=10000 T=512: acc=0.520
  Level15PC ms=1 ts=10001 T=128: acc=0.860
  Level15PC ms=1 ts=10001 T=512: acc=0.524
  Level15PC ms=1 ts=10002 T=128: acc=0.877
  Level15PC ms=1 ts=10002 T=512: acc=0.532
  Level15PC ms=2 ts=10000 T=128: acc=0.865
  Level15PC ms=2 ts=10000 T=512: acc=0.543
  Level15PC ms=2 ts=10001 T=128: acc=0.872
  Level15PC ms=2 ts=10001 T=512: acc=0.541
  Level15PC ms=2 ts=10002 T=128: acc=0.885
  Level15PC ms=2 ts=10002 T=512: acc=0.545
  PC ms=0 ts=10000 T=128: acc=0.901
  PC ms=0 ts=10000 T=512: acc=0.827
  PC ms=0 ts=10001 T=128: acc=0.918
  PC ms=0 ts=10001 T=512: acc=0.827
  PC ms=0 ts=10002 T=128: acc=0.911
  PC ms=0 ts=10002 T=512: acc=0.835
  PC ms=1 ts=10000 T=128: acc=0.834
  PC ms=1 ts=10000 T=512: acc=0.700
  PC ms=1 ts=10001 T=128: acc=0.846
  PC ms=1 ts=10001 T=512: acc=0.715
  PC ms=1 ts=10002 T=128: acc=0.853
  PC ms=1 ts=10002 T=512: acc=0.712
  PC ms=2 ts=10000 T=128: acc=0.813
  PC ms=2 ts=10000 T=512: acc=0.666
  PC ms=2 ts=10001 T=128: acc=0.830
  PC ms=2 ts=10001 T=512: acc=0.679
  PC ms=2 ts=10002 T=128: acc=0.829
  PC ms=2 ts=10002 T=512: acc=0.686
  LSTM ms=0 ts=10000 T=128: acc=0.688
  LSTM ms=0 ts=10000 T=512: acc=0.651
  LSTM ms=0 ts=10001 T=128: acc=0.695
  LSTM ms=0 ts=10001 T=512: acc=0.647
  LSTM ms=0 ts=10002 T=128: acc=0.711
  LSTM ms=0 ts=10002 T=512: acc=0.661
  LSTM ms=1 ts=10000 T=128: acc=0.685
  LSTM ms=1 ts=10000 T=512: acc=0.646
  LSTM ms=1 ts=10001 T=128: acc=0.675
  LSTM ms=1 ts=10001 T=512: acc=0.643
  LSTM ms=1 ts=10002 T=128: acc=0.701
  LSTM ms=1 ts=10002 T=512: acc=0.651
  LSTM ms=2 ts=10000 T=128: acc=0.692
  LSTM ms=2 ts=10000 T=512: acc=0.651
  LSTM ms=2 ts=10001 T=128: acc=0.689
  LSTM ms=2 ts=10001 T=512: acc=0.645
  LSTM ms=2 ts=10002 T=128: acc=0.715
  LSTM ms=2 ts=10002 T=512: acc=0.654
  MambaLike ms=0 ts=10000 T=128: acc=0.528
  MambaLike ms=0 ts=10000 T=512: acc=0.520
  MambaLike ms=0 ts=10001 T=128: acc=0.533
  MambaLike ms=0 ts=10001 T=512: acc=0.519
  MambaLike ms=0 ts=10002 T=128: acc=0.560
  MambaLike ms=0 ts=10002 T=512: acc=0.527
  MambaLike ms=1 ts=10000 T=128: acc=0.532
  MambaLike ms=1 ts=10000 T=512: acc=0.526
  MambaLike ms=1 ts=10001 T=128: acc=0.539
  MambaLike ms=1 ts=10001 T=512: acc=0.527
  MambaLike ms=1 ts=10002 T=128: acc=0.567
  MambaLike ms=1 ts=10002 T=512: acc=0.530
  MambaLike ms=2 ts=10000 T=128: acc=0.524
  MambaLike ms=2 ts=10000 T=512: acc=0.519
  MambaLike ms=2 ts=10001 T=128: acc=0.526
  MambaLike ms=2 ts=10001 T=512: acc=0.518
  MambaLike ms=2 ts=10002 T=128: acc=0.554
  MambaLike ms=2 ts=10002 T=512: acc=0.521
  bias Vanilla ms=0 uniform: acc=0.719
  bias Vanilla ms=0 mostly_east: acc=0.656
  bias Vanilla ms=0 mostly_NS: acc=0.727
  bias Vanilla ms=0 diagonal_NE: acc=0.706
  bias Vanilla ms=1 uniform: acc=0.787
  bias Vanilla ms=1 mostly_east: acc=0.720
  bias Vanilla ms=1 mostly_NS: acc=0.814
  bias Vanilla ms=1 diagonal_NE: acc=0.799
  bias Vanilla ms=2 uniform: acc=0.669
  bias Vanilla ms=2 mostly_east: acc=0.648
  bias Vanilla ms=2 mostly_NS: acc=0.676
  bias Vanilla ms=2 diagonal_NE: acc=0.663
  bias VanillaEM ms=0 uniform: acc=0.744
  bias VanillaEM ms=0 mostly_east: acc=0.700
  bias VanillaEM ms=0 mostly_NS: acc=0.753
  bias VanillaEM ms=0 diagonal_NE: acc=0.753
  bias VanillaEM ms=1 uniform: acc=0.472
  bias VanillaEM ms=1 mostly_east: acc=0.471
  bias VanillaEM ms=1 mostly_NS: acc=0.477
  bias VanillaEM ms=1 diagonal_NE: acc=0.466
  bias VanillaEM ms=2 uniform: acc=0.645
  bias VanillaEM ms=2 mostly_east: acc=0.616
  bias VanillaEM ms=2 mostly_NS: acc=0.649
  bias VanillaEM ms=2 diagonal_NE: acc=0.652
  bias Level15 ms=0 uniform: acc=0.796
  bias Level15 ms=0 mostly_east: acc=0.739
  bias Level15 ms=0 mostly_NS: acc=0.798
  bias Level15 ms=0 diagonal_NE: acc=0.782
  bias Level15 ms=1 uniform: acc=0.828
  bias Level15 ms=1 mostly_east: acc=0.760
  bias Level15 ms=1 mostly_NS: acc=0.853
  bias Level15 ms=1 diagonal_NE: acc=0.844
  bias Level15 ms=2 uniform: acc=0.850
  bias Level15 ms=2 mostly_east: acc=0.739
  bias Level15 ms=2 mostly_NS: acc=0.881
  bias Level15 ms=2 diagonal_NE: acc=0.854
  bias Level15EM ms=0 uniform: acc=0.790
  bias Level15EM ms=0 mostly_east: acc=0.708
  bias Level15EM ms=0 mostly_NS: acc=0.796
  bias Level15EM ms=0 diagonal_NE: acc=0.772
  bias Level15EM ms=1 uniform: acc=0.850
  bias Level15EM ms=1 mostly_east: acc=0.772
  bias Level15EM ms=1 mostly_NS: acc=0.882
  bias Level15EM ms=1 diagonal_NE: acc=0.863
  bias Level15EM ms=2 uniform: acc=0.609
  bias Level15EM ms=2 mostly_east: acc=0.590
  bias Level15EM ms=2 mostly_NS: acc=0.653
  bias Level15EM ms=2 diagonal_NE: acc=0.644
  bias Level15PC ms=0 uniform: acc=0.736
  bias Level15PC ms=0 mostly_east: acc=0.661
  bias Level15PC ms=0 mostly_NS: acc=0.733
  bias Level15PC ms=0 diagonal_NE: acc=0.712
  bias Level15PC ms=1 uniform: acc=0.532
  bias Level15PC ms=1 mostly_east: acc=0.490
  bias Level15PC ms=1 mostly_NS: acc=0.535
  bias Level15PC ms=1 diagonal_NE: acc=0.530
  bias Level15PC ms=2 uniform: acc=0.542
  bias Level15PC ms=2 mostly_east: acc=0.528
  bias Level15PC ms=2 mostly_NS: acc=0.542
  bias Level15PC ms=2 diagonal_NE: acc=0.539
  bias PC ms=0 uniform: acc=0.840
  bias PC ms=0 mostly_east: acc=0.733
  bias PC ms=0 mostly_NS: acc=0.848
  bias PC ms=0 diagonal_NE: acc=0.827
  bias PC ms=1 uniform: acc=0.704
  bias PC ms=1 mostly_east: acc=0.606
  bias PC ms=1 mostly_NS: acc=0.808
  bias PC ms=1 diagonal_NE: acc=0.661
  bias PC ms=2 uniform: acc=0.680
  bias PC ms=2 mostly_east: acc=0.610
  bias PC ms=2 mostly_NS: acc=0.701
  bias PC ms=2 diagonal_NE: acc=0.694
  bias LSTM ms=0 uniform: acc=0.662
  bias LSTM ms=0 mostly_east: acc=0.621
  bias LSTM ms=0 mostly_NS: acc=0.641
  bias LSTM ms=0 diagonal_NE: acc=0.664
  bias LSTM ms=1 uniform: acc=0.646
  bias LSTM ms=1 mostly_east: acc=0.592
  bias LSTM ms=1 mostly_NS: acc=0.650
  bias LSTM ms=1 diagonal_NE: acc=0.656
  bias LSTM ms=2 uniform: acc=0.649
  bias LSTM ms=2 mostly_east: acc=0.605
  bias LSTM ms=2 mostly_NS: acc=0.650
  bias LSTM ms=2 diagonal_NE: acc=0.663
  bias MambaLike ms=0 uniform: acc=0.534
  bias MambaLike ms=0 mostly_east: acc=0.514
  bias MambaLike ms=0 mostly_NS: acc=0.514
  bias MambaLike ms=0 diagonal_NE: acc=0.523
  bias MambaLike ms=1 uniform: acc=0.528
  bias MambaLike ms=1 mostly_east: acc=0.514
  bias MambaLike ms=1 mostly_NS: acc=0.531
  bias MambaLike ms=1 diagonal_NE: acc=0.529
  bias MambaLike ms=2 uniform: acc=0.523
  bias MambaLike ms=2 mostly_east: acc=0.503
  bias MambaLike ms=2 mostly_NS: acc=0.523
  bias MambaLike ms=2 diagonal_NE: acc=0.521
  lm-sweep Vanilla ms=0 n_lm=0: acc=0.724
  lm-sweep Vanilla ms=0 n_lm=50: acc=0.714
  lm-sweep Vanilla ms=0 n_lm=100: acc=0.700
  lm-sweep Vanilla ms=0 n_lm=200: acc=0.684
  lm-sweep Vanilla ms=1 n_lm=0: acc=0.847
  lm-sweep Vanilla ms=1 n_lm=50: acc=0.833
  lm-sweep Vanilla ms=1 n_lm=100: acc=0.820
  lm-sweep Vanilla ms=1 n_lm=200: acc=0.795
  lm-sweep Vanilla ms=2 n_lm=0: acc=0.708
  lm-sweep Vanilla ms=2 n_lm=50: acc=0.702
  lm-sweep Vanilla ms=2 n_lm=100: acc=0.692
  lm-sweep Vanilla ms=2 n_lm=200: acc=0.672
  lm-sweep VanillaEM ms=0 n_lm=0: acc=0.766
  lm-sweep VanillaEM ms=0 n_lm=50: acc=0.753
  lm-sweep VanillaEM ms=0 n_lm=100: acc=0.737
  lm-sweep VanillaEM ms=0 n_lm=200: acc=0.716
  lm-sweep VanillaEM ms=1 n_lm=0: acc=0.493
  lm-sweep VanillaEM ms=1 n_lm=50: acc=0.487
  lm-sweep VanillaEM ms=1 n_lm=100: acc=0.479
  lm-sweep VanillaEM ms=1 n_lm=200: acc=0.464
  lm-sweep VanillaEM ms=2 n_lm=0: acc=0.681
  lm-sweep VanillaEM ms=2 n_lm=50: acc=0.671
  lm-sweep VanillaEM ms=2 n_lm=100: acc=0.658
  lm-sweep VanillaEM ms=2 n_lm=200: acc=0.637
  lm-sweep Level15 ms=0 n_lm=0: acc=0.827
  lm-sweep Level15 ms=0 n_lm=50: acc=0.811
  lm-sweep Level15 ms=0 n_lm=100: acc=0.799
  lm-sweep Level15 ms=0 n_lm=200: acc=0.780
  lm-sweep Level15 ms=1 n_lm=0: acc=0.878
  lm-sweep Level15 ms=1 n_lm=50: acc=0.865
  lm-sweep Level15 ms=1 n_lm=100: acc=0.854
  lm-sweep Level15 ms=1 n_lm=200: acc=0.831
  lm-sweep Level15 ms=2 n_lm=0: acc=0.906
  lm-sweep Level15 ms=2 n_lm=50: acc=0.896
  lm-sweep Level15 ms=2 n_lm=100: acc=0.880
  lm-sweep Level15 ms=2 n_lm=200: acc=0.858
  lm-sweep Level15EM ms=0 n_lm=0: acc=0.806
  lm-sweep Level15EM ms=0 n_lm=50: acc=0.793
  lm-sweep Level15EM ms=0 n_lm=100: acc=0.782
  lm-sweep Level15EM ms=0 n_lm=200: acc=0.767
  lm-sweep Level15EM ms=1 n_lm=0: acc=0.900
  lm-sweep Level15EM ms=1 n_lm=50: acc=0.888
  lm-sweep Level15EM ms=1 n_lm=100: acc=0.879
  lm-sweep Level15EM ms=1 n_lm=200: acc=0.858
  lm-sweep Level15EM ms=2 n_lm=0: acc=0.669
  lm-sweep Level15EM ms=2 n_lm=50: acc=0.654
  lm-sweep Level15EM ms=2 n_lm=100: acc=0.632
  lm-sweep Level15EM ms=2 n_lm=200: acc=0.609
  lm-sweep Level15PC ms=0 n_lm=0: acc=0.745
  lm-sweep Level15PC ms=0 n_lm=50: acc=0.735
  lm-sweep Level15PC ms=0 n_lm=100: acc=0.725
  lm-sweep Level15PC ms=0 n_lm=200: acc=0.709
  lm-sweep Level15PC ms=1 n_lm=0: acc=0.564
  lm-sweep Level15PC ms=1 n_lm=50: acc=0.555
  lm-sweep Level15PC ms=1 n_lm=100: acc=0.545
  lm-sweep Level15PC ms=1 n_lm=200: acc=0.529
  lm-sweep Level15PC ms=2 n_lm=0: acc=0.579
  lm-sweep Level15PC ms=2 n_lm=50: acc=0.571
  lm-sweep Level15PC ms=2 n_lm=100: acc=0.560
  lm-sweep Level15PC ms=2 n_lm=200: acc=0.542
  lm-sweep PC ms=0 n_lm=0: acc=0.871
  lm-sweep PC ms=0 n_lm=50: acc=0.856
  lm-sweep PC ms=0 n_lm=100: acc=0.843
  lm-sweep PC ms=0 n_lm=200: acc=0.822
  lm-sweep PC ms=1 n_lm=0: acc=0.752
  lm-sweep PC ms=1 n_lm=50: acc=0.740
  lm-sweep PC ms=1 n_lm=100: acc=0.730
  lm-sweep PC ms=1 n_lm=200: acc=0.710
  lm-sweep PC ms=2 n_lm=0: acc=0.729
  lm-sweep PC ms=2 n_lm=50: acc=0.716
  lm-sweep PC ms=2 n_lm=100: acc=0.702
  lm-sweep PC ms=2 n_lm=200: acc=0.677
  lm-sweep LSTM ms=0 n_lm=0: acc=0.696
  lm-sweep LSTM ms=0 n_lm=50: acc=0.677
  lm-sweep LSTM ms=0 n_lm=100: acc=0.661
  lm-sweep LSTM ms=0 n_lm=200: acc=0.636
  lm-sweep LSTM ms=1 n_lm=0: acc=0.698
  lm-sweep LSTM ms=1 n_lm=50: acc=0.681
  lm-sweep LSTM ms=1 n_lm=100: acc=0.665
  lm-sweep LSTM ms=1 n_lm=200: acc=0.638
  lm-sweep LSTM ms=2 n_lm=0: acc=0.707
  lm-sweep LSTM ms=2 n_lm=50: acc=0.694
  lm-sweep LSTM ms=2 n_lm=100: acc=0.678
  lm-sweep LSTM ms=2 n_lm=200: acc=0.652
  lm-sweep MambaLike ms=0 n_lm=0: acc=0.541
  lm-sweep MambaLike ms=0 n_lm=50: acc=0.529
  lm-sweep MambaLike ms=0 n_lm=100: acc=0.519
  lm-sweep MambaLike ms=0 n_lm=200: acc=0.502
  lm-sweep MambaLike ms=1 n_lm=0: acc=0.556
  lm-sweep MambaLike ms=1 n_lm=50: acc=0.546
  lm-sweep MambaLike ms=1 n_lm=100: acc=0.538
  lm-sweep MambaLike ms=1 n_lm=200: acc=0.522
  lm-sweep MambaLike ms=2 n_lm=0: acc=0.547
  lm-sweep MambaLike ms=2 n_lm=50: acc=0.541
  lm-sweep MambaLike ms=2 n_lm=100: acc=0.531
  lm-sweep MambaLike ms=2 n_lm=200: acc=0.514
